[    0.00] Setting up Pyomo environment
[    0.00] Applying Pyomo preprocessing actions
[    0.00] Creating model
[    0.00] Applying solver
[    0.02] Processing results
    Number of solutions: 1
    Solution Information
      Gap: <undefined>
      Status: optimal
    Solver results file: results.yml

==========================================================
Solution Summary
==========================================================

Model unknown

  Variables:
    Variable x :   Size=1 Domain=Reals
      Value=1.0
    Variable y :   Size=1 Domain=Reals
      Value=1.0

  Objectives:
    Objective obj :   Size=1
      Value=7.01364595134e-25

  Constraints:
    None

[    0.02] Applying Pyomo postprocessing actions
[    0.02] Pyomo Finished
