[    0.00] Setting up Pyomo environment
[    0.00] Applying Pyomo preprocessing actions
[    0.05] Creating model
[    0.09] Applying solver
[    0.17] Processing results
    Number of solutions: 1
    Solution Information
      Gap: <undefined>
      Status: unknown
    Solver results file: results.yml

==========================================================
Solution Summary
==========================================================

Model unknown

  Variables:
    Variable f :   Size=1 Domain=PositiveReals
      Value=189.605592667
    Variable d :   Size=1 Domain=PositiveReals
      Value=196.006401042
    Variable b :   Size=1 Domain=PositiveReals
      Value=54.3697276124
    Variable hf :   Size=1 Domain=PositiveReals
      Value=0.0
    Variable hd :   Size=1 Domain=PositiveReals
      Value=37.8450171568
    Variable hb :   Size=1 Domain=PositiveReals
      Value=62.1379767339
    Variable br :   Size=1 Domain=PositiveReals
      Value=1.09999999201
    Variable c :   Size=1 Domain=PositiveReals
      Value=700000.00699

  Objectives:
    Objective obj :   Size=1
      Value=659.224784496

  Constraints:
    Constraint f_bal :   Size=1
      Value=8.98748453437e-9
    Constraint d_bal :   Size=1
      Value=7.1054273576e-15
    Constraint b_bal :   Size=1
      Value=0.0
    Constraint food_cons :   Size=1
      Value=-7.27595761418e-11
    Constraint supply :   Size=1
      Value=700000.00699
    Constraint birth :   Size=1
      Value=-2.00017780116e-12
    Constraint minbuck :   Size=1
      Value=9.34788602081e-9

[    0.17] Applying Pyomo postprocessing actions
[    0.17] Pyomo Finished
