[    0.00] Setting up Pyomo environment
[    0.00] Applying Pyomo preprocessing actions
[    0.00] Creating model
[    0.05] Applying solver
[    0.15] Processing results
    Number of solutions: 1
    Solution Information
      Gap: <undefined>
      Status: unknown
    Solver results file: results.yml

==========================================================
Solution Summary
==========================================================

Model unknown

  Variables:
    Variable I :   Size=26 Domain=Reals
      1 : 1.03399535624
      2 : 2.05361638005
      3 : 4.05344546966
      4 : 7.89705572214
      5 : 14.9815261581
      6 : 26.9493096987
      7 : 43.6815924031
      8 : 58.1577846716
      9 : 54.9734856527
      10 : 31.8767056906
      11 : 11.7248286988
      12 : 3.39620472753
      13 : 0.906119224192
      14 : 0.236012935936
      15 : 0.061025311472
      16 : 0.0157340125557
      17 : 0.00404973117583
      18 : 0.00104087686169
      19 : 0.000267172561434
      20 : 6.84875677946e-05
      21 : 1.75331795616e-05
      22 : 4.48268974957e-06
      23 : 1.14457786387e-06
      24 : 2.91863742945e-07
      25 : 7.43263071718e-08
      26 : 1.89030558394e-08
    Variable S :   Size=26 Domain=Reals
      1 : 300.0
      2 : 297.946386593
      3 : 293.892941124
      4 : 285.995885402
      5 : 271.014359243
      6 : 244.065049545
      7 : 200.383457142
      8 : 142.22567247
      9 : 87.2521868173
      10 : 55.3754811267
      11 : 43.6506524279
      12 : 40.2544477004
      13 : 39.3483284762
      14 : 39.1123155402
      15 : 39.0512902288
      16 : 39.0355562162
      17 : 39.031506485
      18 : 39.0304656082
      19 : 39.0301984356
      20 : 39.030129948
      21 : 39.0301124149
      22 : 39.0301079322
      23 : 39.0301067876
      24 : 39.0301064957
      25 : 39.0301064214
      26 : 39.0301064025
    Variable beta :   Size=1 Domain=Reals
      Value=1.98603420504
    Variable alpha :   Size=1 Domain=Reals
      Value=1.00096449443
    Variable eps_I :   Size=26 Domain=Reals
      1 : -0.0339953562411
      2 : -0.0536163800465
      3 : -0.0534454696559
      4 : 0.102944277858
      5 : 0.0184738418998
      6 : 0.0506903012977
      7 : 0.318407596924
      8 : -0.157784671641
      9 : 0.0265143472832
      10 : 0.123294309426
      11 : 0.275171301164
      12 : -0.396204727534
      13 : 0.093880775808
      14 : -0.236012935936
      15 : -0.061025311472
      16 : -0.0157340125557
      17 : -0.00404973117583
      18 : -0.00104087686169
      19 : -0.000267172561434
      20 : -6.84875677946e-05
      21 : -1.75331795616e-05
      22 : -4.48268974957e-06
      23 : -1.14457786387e-06
      24 : -2.91863742945e-07
      25 : -7.43263071718e-08
      26 : -1.89030558394e-08

  Objectives:
    Objective objective :   Size=1
      Value=0.463781375278

  Constraints:
    Constraint InfDynamics :   Size=25
            	Lower	Body		Upper
      2 :	0	2.03539336496e-08	0
      3 :	0	-8.881784197e-16	0
      4 :	0	-1.7763568394e-15	0
      5 :	0	-5.3290705182e-15	0
      6 :	0	-1.06581410364e-14	0
      7 :	0	0.0	0
      8 :	0	-2.13162820728e-14	0
      9 :	0	-1.42108547152e-14	0
      10 :	0	-1.7763568394e-14	0
      11 :	0	-5.3290705182e-15	0
      12 :	0	-1.33226762955e-15	0
      13 :	0	-2.22044604925e-16	0
      14 :	0	0.0	0
      15 :	0	1.38777878078e-17	0
      16 :	0	3.46944695195e-18	0
      17 :	0	1.73472347598e-18	0
      18 :	0	4.33680868994e-19	0
      19 :	0	1.62630325873e-19	0
      20 :	0	5.42101086243e-20	0
      21 :	0	2.03287907341e-20	0
      22 :	0	6.77626357803e-21	0
      23 :	0	1.69406589451e-21	0
      24 :	0	5.29395592034e-22	0
      25 :	0	1.45583787809e-22	0
      26 :	0	3.30872245021e-23	0
    Constraint SusDynamics :   Size=25
            	Lower	Body		Upper
      2 :	0	2.97337913935e-06	0
      3 :	0	1.7763568394e-15	0
      4 :	0	1.7763568394e-15	0
      5 :	0	-2.13162820728e-14	0
      6 :	0	-2.84217094304e-14	0
      7 :	0	2.13162820728e-14	0
      8 :	0	-7.1054273576e-15	0
      9 :	0	7.1054273576e-15	0
      10 :	0	1.06581410364e-14	0
      11 :	0	0.0	0
      12 :	0	8.881784197e-16	0
      13 :	0	-3.88578058619e-15	0
      14 :	0	-7.49400541622e-16	0
      15 :	0	2.79637424327e-15	0
      16 :	0	-7.57727214307e-15	0
      17 :	0	3.50414142147e-16	0
      18 :	0	-2.12720466242e-15	0
      19 :	0	-1.90911739542e-15	0
      20 :	0	-1.66777399183e-16	0
      21 :	0	2.73423590626e-15	0
      22 :	0	-4.04983392741e-15	0
      23 :	0	-1.50883905894e-15	0
      24 :	0	8.81673365484e-16	0
      25 :	0	-1.49156877183e-15	0
      26 :	0	-2.83450284906e-15	0
    Constraint Data :   Size=26
            	Lower	Body		Upper
      1 :	1.0	1.0	1.0
      2 :	2.0	2.0	2.0
      3 :	4.0	4.0	4.0
      4 :	8.0	8.0	8.0
      5 :	15.0	15.0	15.0
      6 :	27.0	27.0	27.0
      7 :	44.0	44.0	44.0
      8 :	58.0	58.0	58.0
      9 :	55.0	55.0	55.0
      10 :	32.0	32.0	32.0
      11 :	12.0	12.0	12.0
      12 :	3.0	3.0	3.0
      13 :	1.0	1.0	1.0
      14 :	0.0	0.0	0.0
      15 :	0.0	0.0	0.0
      16 :	0.0	0.0	0.0
      17 :	0.0	0.0	0.0
      18 :	0.0	0.0	0.0
      19 :	0.0	0.0	0.0
      20 :	0.0	0.0	0.0
      21 :	0.0	0.0	0.0
      22 :	0.0	0.0	0.0
      23 :	0.0	0.0	0.0
      24 :	0.0	0.0	0.0
      25 :	0.0	0.0	0.0
      26 :	0.0	0.0	0.0

[    0.17] Applying Pyomo postprocessing actions
[    0.17] Pyomo Finished
