28 Set Declarations
    A : Size=1, Index=None, Ordered=Insertion
        Key  : Dimen : Domain : Size : Members
        None :     1 :    Any :    3 : {1, 2, 3}
    B : Size=1, Index=None, Ordered=Insertion
        Key  : Dimen : Domain : Size : Members
        None :     1 :    Any :    4 : {2, 3, 4, 5}
    C : Size=0, Index=C_index, Ordered=Insertion
        Key : Dimen : Domain : Size : Members
    C_index : Size=1, Index=None, Ordered=True
        Key  : Dimen : Domain : Size : Members
        None :     2 :    A*B :   12 : {(1, 2), (1, 3), (1, 4), (1, 5), (2, 2), (2, 3), (2, 4), (2, 5), (3, 2), (3, 3), (3, 4), (3, 5)}
    D : Size=1, Index=None, Ordered=True
        Key  : Dimen : Domain : Size : Members
        None :     1 :  A | B :    5 : {1, 2, 3, 4, 5}
    E : Size=1, Index=None, Ordered=True
        Key  : Dimen : Domain : Size : Members
        None :     1 :  B & A :    2 : {2, 3}
    F : Size=1, Index=None, Ordered=True
        Key  : Dimen : Domain : Size : Members
        None :     1 :  A - B :    1 :    {1,}
    G : Size=1, Index=None, Ordered=True
        Key  : Dimen : Domain : Size : Members
        None :     1 :  A ^ B :    3 : {1, 4, 5}
    H : Size=1, Index=None, Ordered=True
        Key  : Dimen : Domain : Size : Members
        None :     2 :    A*B :   12 : {(1, 2), (1, 3), (1, 4), (1, 5), (2, 2), (2, 3), (2, 4), (2, 5), (3, 2), (3, 3), (3, 4), (3, 5)}
    Hsub : Size=1, Index=None, Ordered=Insertion
        Key  : Dimen : Domain      : Size : Members
        None :     2 : Hsub_domain :    3 : {(1, 2), (1, 3), (3, 3)}
    Hsub_domain : Size=1, Index=None, Ordered=True
        Key  : Dimen : Domain : Size : Members
        None :     2 :    A*B :   12 : {(1, 2), (1, 3), (1, 4), (1, 5), (2, 2), (2, 3), (2, 4), (2, 5), (3, 2), (3, 3), (3, 4), (3, 5)}
    I : Size=1, Index=None, Ordered=Insertion
        Key  : Dimen : Domain   : Size : Members
        None :     2 : I_domain :   12 : {(1, 2), (1, 3), (1, 4), (1, 5), (2, 2), (2, 3), (2, 4), (2, 5), (3, 2), (3, 3), (3, 4), (3, 5)}
    I_domain : Size=1, Index=None, Ordered=True
        Key  : Dimen : Domain : Size : Members
        None :     2 :    A*B :   12 : {(1, 2), (1, 3), (1, 4), (1, 5), (2, 2), (2, 3), (2, 4), (2, 5), (3, 2), (3, 3), (3, 4), (3, 5)}
    J : Size=1, Index=None, Ordered=Insertion
        Key  : Dimen : Domain : Size : Members
        None :     1 :    Any :    3 : {1, 4, 9}
    K : Size=1, Index=None, Ordered=Insertion
        Key  : Dimen : Domain : Size : Members
        None :     1 :    Any :    3 : {1, 4, 9}
    K_2 : Size=1, Index=None, Ordered=Insertion
        Key  : Dimen : Domain : Size : Members
        None :     2 :    Any :    2 : {(1, 4), (9, 16)}
    L : Size=1, Index=None, Ordered=Insertion
        Key  : Dimen : Domain : Size : Members
        None :     1 :      A :    2 : {1, 3}
    M : Size=1, Index=None, Ordered=Insertion
        Key  : Dimen : Domain : Size : Members
        None :     1 :    Any :    2 : {1, 3}
    N : Size=1, Index=None, Ordered=Insertion
        Key  : Dimen : Domain   : Size : Members
        None :     2 : N_domain :    0 :      {}
    N_domain : Size=1, Index=None, Ordered=True
        Key  : Dimen : Domain : Size : Members
        None :     2 :    A*B :   12 : {(1, 2), (1, 3), (1, 4), (1, 5), (2, 2), (2, 3), (2, 4), (2, 5), (3, 2), (3, 3), (3, 4), (3, 5)}
    O : Size=1, Index=None, Ordered=Insertion
        Key  : Dimen : Domain : Size : Members
        None :    -- :    Any :    0 :      {}
    P : Size=16, Index=P_index, Ordered=Insertion
        Key    : Dimen : Domain : Size : Members
        (2, 2) :     1 :    Any :    4 : {0, 1, 2, 3}
        (2, 3) :     1 :    Any :    6 : {0, 1, 2, 3, 4, 5}
        (2, 4) :     1 :    Any :    8 : {0, 1, 2, 3, 4, 5, 6, 7}
        (2, 5) :     1 :    Any :   10 : {0, 1, 2, 3, 4, 5, 6, 7, 8, 9}
        (3, 2) :     1 :    Any :    6 : {0, 1, 2, 3, 4, 5}
        (3, 3) :     1 :    Any :    9 : {0, 1, 2, 3, 4, 5, 6, 7, 8}
        (3, 4) :     1 :    Any :   12 : {0, 1, 2, 3, 4, 5, 6, 7, 8, 9, 10, 11}
        (3, 5) :     1 :    Any :   15 : {0, 1, 2, 3, 4, 5, 6, 7, 8, 9, 10, 11, 12, 13, 14}
        (4, 2) :     1 :    Any :    8 : {0, 1, 2, 3, 4, 5, 6, 7}
        (4, 3) :     1 :    Any :   12 : {0, 1, 2, 3, 4, 5, 6, 7, 8, 9, 10, 11}
        (4, 4) :     1 :    Any :   16 : {0, 1, 2, 3, 4, 5, 6, 7, 8, 9, 10, 11, 12, 13, 14, 15}
        (4, 5) :     1 :    Any :   20 : {0, 1, 2, 3, 4, 5, 6, 7, 8, 9, 10, 11, 12, 13, 14, 15, 16, 17, 18, 19}
        (5, 2) :     1 :    Any :   10 : {0, 1, 2, 3, 4, 5, 6, 7, 8, 9}
        (5, 3) :     1 :    Any :   15 : {0, 1, 2, 3, 4, 5, 6, 7, 8, 9, 10, 11, 12, 13, 14}
        (5, 4) :     1 :    Any :   20 : {0, 1, 2, 3, 4, 5, 6, 7, 8, 9, 10, 11, 12, 13, 14, 15, 16, 17, 18, 19}
        (5, 5) :     1 :    Any :   25 : {0, 1, 2, 3, 4, 5, 6, 7, 8, 9, 10, 11, 12, 13, 14, 15, 16, 17, 18, 19, 20, 21, 22, 23, 24}
    P_index : Size=1, Index=None, Ordered=True
        Key  : Dimen : Domain : Size : Members
        None :     2 :    B*B :   16 : {(2, 2), (2, 3), (2, 4), (2, 5), (3, 2), (3, 3), (3, 4), (3, 5), (4, 2), (4, 3), (4, 4), (4, 5), (5, 2), (5, 3), (5, 4), (5, 5)}
    R : Size=3, Index=B, Ordered=Insertion
        Key : Dimen : Domain : Size : Members
          2 :     1 :    Any :    3 : {1, 3, 5}
          3 :     1 :    Any :    3 : {2, 4, 6}
          4 :     1 :    Any :    3 : {3, 5, 7}
    S : Size=2, Index=B, Ordered=Insertion
        Key : Dimen : Domain : Size : Members
          2 :     1 :      A :    2 : {1, 3}
          5 :     1 :      A :    2 : {2, 3}
    T : Size=2, Index=B, Ordered=Insertion
        Key : Dimen : Domain : Size : Members
          2 :     1 :    Any :    2 : {1, 3}
          5 :     1 :    Any :    2 : {2, 3}
    U : Size=1, Index=None, Ordered=Insertion
        Key  : Dimen : Domain : Size : Members
        None :     1 :    Any :    5 : {1, 2, 6, 24, 120}
    V : Size=4, Index=V_index, Ordered=Insertion
        Key : Dimen : Domain : Size : Members
          1 :     1 :    Any :    5 : {1, 2, 3, 4, 5}
          2 :     1 :    Any :    5 : {1, 3, 5, 7, 9}
          3 :     1 :    Any :    5 : {1, 4, 7, 10, 13}
          4 :     1 :    Any :    5 : {1, 5, 9, 13, 17}

1 RangeSet Declarations
    V_index : Dimen=1, Size=4, Bounds=(1, 4)
        Key  : Finite : Members
        None :   True :   [1:4]

29 Declarations: A B C_index C D E F G H Hsub_domain Hsub I_domain I J K K_2 L M N_domain N O P_index P R S T U V_index V
